
> shipera-ai-app@0.1.0 build
> next build

ΓÜá Warning: Next.js inferred your workspace root, but it may not be correct.
 We detected multiple lockfiles and selected the directory of D:\Projects\package-lock.json as the root directory.
 To silence this warning, set `turbopack.root` in your Next.js config, or consider removing one of the lockfiles if it's not needed.
   See https://nextjs.org/docs/app/api-reference/config/next-config-js/turbopack#root-directory for more information.
 Detected additional lockfiles: 
   * D:\Projects\shipera-ai-app\package-lock.json

Γû▓ Next.js 16.1.6 (Turbopack)
- Environments: .env.local

ΓÜá The "middleware" file convention is deprecated. Please use "proxy" instead. Learn more: https://nextjs.org/docs/messages/middleware-to-proxy
  Creating an optimized production build ...

> Build error occurred
Error: Turbopack build failed with 2 errors:
./shipera-ai-app/src/components/CSVUpload.tsx:4:1
Export parseRFPLanesCSV doesn't exist in target module
  2 |
  3 | import { useState, useRef } from 'react';
> 4 | import { parseRFPLanesCSV } from '@/utils/csvParser';
    | ^^^^^^^^^^^^^^^^^^^^^^^^^^^^^^^^^^^^^^^^^^^^^^^^^^^^^
  5 | import { createLanes } from '@/services/laneService';
  6 |
  7 | interface CSVUploadProps {

The export parseRFPLanesCSV was not found in module [project]/shipera-ai-app/src/utils/csvParser.ts [app-client] (ecmascript).
Did you mean to import parseCSV?
All exports of the module are statically known (It doesn't have dynamic exports). So it's known statically that the requested export doesn't exist.

Import traces:
  Client Component Browser:
    ./shipera-ai-app/src/components/CSVUpload.tsx [Client Component Browser]
    ./shipera-ai-app/src/app/rfps/[id]/page.tsx [Client Component Browser]
    ./shipera-ai-app/src/app/rfps/[id]/page.tsx [Server Component]

  Client Component SSR:
    ./shipera-ai-app/src/components/CSVUpload.tsx [Client Component SSR]
    ./shipera-ai-app/src/app/rfps/[id]/page.tsx [Client Component SSR]
    ./shipera-ai-app/src/app/rfps/[id]/page.tsx [Server Component]


./shipera-ai-app/src/components/CSVUpload.tsx:4:1
Export parseRFPLanesCSV doesn't exist in target module
  2 |
  3 | import { useState, useRef } from 'react';
> 4 | import { parseRFPLanesCSV } from '@/utils/csvParser';
    | ^^^^^^^^^^^^^^^^^^^^^^^^^^^^^^^^^^^^^^^^^^^^^^^^^^^^^
  5 | import { createLanes } from '@/services/laneService';
  6 |
  7 | interface CSVUploadProps {

The export parseRFPLanesCSV was not found in module [project]/shipera-ai-app/src/utils/csvParser.ts [app-ssr] (ecmascript).
Did you mean to import parseCSV?
All exports of the module are statically known (It doesn't have dynamic exports). So it's known statically that the requested export doesn't exist.

Import traces:
  Client Component Browser:
    ./shipera-ai-app/src/components/CSVUpload.tsx [Client Component Browser]
    ./shipera-ai-app/src/app/rfps/[id]/page.tsx [Client Component Browser]
    ./shipera-ai-app/src/app/rfps/[id]/page.tsx [Server Component]

  Client Component SSR:
    ./shipera-ai-app/src/components/CSVUpload.tsx [Client Component SSR]
    ./shipera-ai-app/src/app/rfps/[id]/page.tsx [Client Component SSR]
    ./shipera-ai-app/src/app/rfps/[id]/page.tsx [Server Component]


    at <unknown> (./shipera-ai-app/src/components/CSVUpload.tsx:4:1)
    at <unknown> (./shipera-ai-app/src/components/CSVUpload.tsx:4:1)
